2014/11/13 15:24:16 [error] [exception.CDbException] exception 'CDbException' with message 'The table "{{post}}" for active record class "Post" cannot be found in the database.' in Z:\home\blogyii\www\yii\framework\db\ar\CActiveRecord.php:2362
Stack trace:
#0 Z:\home\blogyii\www\yii\framework\db\ar\CActiveRecord.php(411): CActiveRecordMetaData->__construct(Object(Post))
#1 Z:\home\blogyii\www\yii\framework\db\ar\CActiveRecord.php(658): CActiveRecord->getMetaData()
#2 Z:\home\blogyii\www\yii\framework\db\ar\CActiveFinder.php(389): CActiveRecord->getTableSchema()
#3 Z:\home\blogyii\www\yii\framework\db\ar\CActiveFinder.php(47): CJoinElement->__construct(Object(CActiveFinder), Object(Post))
#4 Z:\home\blogyii\www\yii\framework\db\ar\CActiveRecord.php(909): CActiveFinder->__construct(Object(Post), 'commentCount')
#5 Z:\home\blogyii\www\yii\framework\db\ar\CActiveRecord.php(1604): CActiveRecord->getActiveFinder('commentCount')
#6 Z:\home\blogyii\www\yii\framework\web\CActiveDataProvider.php(228): CActiveRecord->count(Object(CDbCriteria))
#7 Z:\home\blogyii\www\yii\framework\web\CDataProvider.php(224): CActiveDataProvider->calculateTotalItemCount()
#8 Z:\home\blogyii\www\yii\framework\web\CActiveDataProvider.php(178): CDataProvider->getTotalItemCount()
#9 Z:\home\blogyii\www\yii\framework\web\CDataProvider.php(168): CActiveDataProvider->fetchData()
#10 Z:\home\blogyii\www\yii\framework\zii\widgets\CBaseListView.php(111): CDataProvider->getData()
#11 Z:\home\blogyii\www\yii\framework\zii\widgets\CListView.php(211): CBaseListView->init()
#12 Z:\home\blogyii\www\yii\framework\web\CBaseController.php(147): CListView->init()
#13 Z:\home\blogyii\www\yii\framework\web\CBaseController.php(172): CBaseController->createWidget('zii.widgets.CLi...', Array)
#14 Z:\home\blogyii\www\yii\demos\blog\protected\views\post\index.php(9): CBaseController->widget('zii.widgets.CLi...', Array)
#15 Z:\home\blogyii\www\yii\framework\web\CBaseController.php(126): require('Z:\home\blogyii...')
#16 Z:\home\blogyii\www\yii\framework\web\CBaseController.php(95): CBaseController->renderInternal('Z:\home\blogyii...', Array, true)
#17 Z:\home\blogyii\www\yii\framework\web\CController.php(869): CBaseController->renderFile('Z:\home\blogyii...', Array, true)
#18 Z:\home\blogyii\www\yii\framework\web\CController.php(782): CController->renderPartial('index', Array, true)
#19 Z:\home\blogyii\www\yii\demos\blog\protected\controllers\PostController.php(136): CController->render('index', Array)
#20 Z:\home\blogyii\www\yii\framework\web\actions\CInlineAction.php(49): PostController->actionIndex()
#21 Z:\home\blogyii\www\yii\framework\web\CController.php(308): CInlineAction->runWithParams(Array)
#22 Z:\home\blogyii\www\yii\framework\web\filters\CFilterChain.php(133): CController->runAction(Object(CInlineAction))
#23 Z:\home\blogyii\www\yii\framework\web\filters\CFilter.php(40): CFilterChain->run()
#24 Z:\home\blogyii\www\yii\framework\web\CController.php(1145): CFilter->filter(Object(CFilterChain))
#25 Z:\home\blogyii\www\yii\framework\web\filters\CInlineFilter.php(58): CController->filterAccessControl(Object(CFilterChain))
#26 Z:\home\blogyii\www\yii\framework\web\filters\CFilterChain.php(130): CInlineFilter->filter(Object(CFilterChain))
#27 Z:\home\blogyii\www\yii\framework\web\CController.php(291): CFilterChain->run()
#28 Z:\home\blogyii\www\yii\framework\web\CController.php(265): CController->runActionWithFilters(Object(CInlineAction), Array)
#29 Z:\home\blogyii\www\yii\framework\web\CWebApplication.php(282): CController->run('')
#30 Z:\home\blogyii\www\yii\framework\web\CWebApplication.php(141): CWebApplication->runController('')
#31 Z:\home\blogyii\www\yii\framework\base\CApplication.php(180): CWebApplication->processRequest()
#32 Z:\home\blogyii\www\yii\demos\blog\index.php(11): CApplication->run()
#33 {main}
REQUEST_URI=/yii/demos/blog/index.php
---
2014/11/13 15:24:30 [error] [exception.CDbException] exception 'CDbException' with message 'The table "{{user}}" for active record class "User" cannot be found in the database.' in Z:\home\blogyii\www\yii\framework\db\ar\CActiveRecord.php:2362
Stack trace:
#0 Z:\home\blogyii\www\yii\framework\db\ar\CActiveRecord.php(411): CActiveRecordMetaData->__construct(Object(User))
#1 Z:\home\blogyii\www\yii\framework\db\ar\CActiveRecord.php(658): CActiveRecord->getMetaData()
#2 Z:\home\blogyii\www\yii\framework\db\ar\CActiveRecord.php(1350): CActiveRecord->getTableSchema()
#3 Z:\home\blogyii\www\yii\framework\db\ar\CActiveRecord.php(1456): CActiveRecord->query(Object(CDbCriteria))
#4 Z:\home\blogyii\www\yii\demos\blog\protected\components\UserIdentity.php(18): CActiveRecord->find('LOWER(username)...', Array)
#5 Z:\home\blogyii\www\yii\demos\blog\protected\models\LoginForm.php(50): UserIdentity->authenticate()
#6 Z:\home\blogyii\www\yii\framework\validators\CInlineValidator.php(42): LoginForm->authenticate('password', Array)
#7 Z:\home\blogyii\www\yii\framework\validators\CValidator.php(213): CInlineValidator->validateAttribute(Object(LoginForm), 'password')
#8 Z:\home\blogyii\www\yii\framework\base\CModel.php(159): CValidator->validate(Object(LoginForm), NULL)
#9 Z:\home\blogyii\www\yii\framework\web\widgets\CActiveForm.php(920): CModel->validate(NULL)
#10 Z:\home\blogyii\www\yii\demos\blog\protected\controllers\SiteController.php(73): CActiveForm::validate(Object(LoginForm))
#11 Z:\home\blogyii\www\yii\framework\web\actions\CInlineAction.php(49): SiteController->actionLogin()
#12 Z:\home\blogyii\www\yii\framework\web\CController.php(308): CInlineAction->runWithParams(Array)
#13 Z:\home\blogyii\www\yii\framework\web\CController.php(286): CController->runAction(Object(CInlineAction))
#14 Z:\home\blogyii\www\yii\framework\web\CController.php(265): CController->runActionWithFilters(Object(CInlineAction), Array)
#15 Z:\home\blogyii\www\yii\framework\web\CWebApplication.php(282): CController->run('login')
#16 Z:\home\blogyii\www\yii\framework\web\CWebApplication.php(141): CWebApplication->runController('site/login')
#17 Z:\home\blogyii\www\yii\framework\base\CApplication.php(180): CWebApplication->processRequest()
#18 Z:\home\blogyii\www\yii\demos\blog\index.php(11): CApplication->run()
#19 {main}
REQUEST_URI=/yii/demos/blog/index.php/site/login
HTTP_REFERER=http://blogyii/yii/demos/blog/index.php/site/login
---
2014/11/13 15:24:31 [error] [exception.CDbException] exception 'CDbException' with message 'The table "{{user}}" for active record class "User" cannot be found in the database.' in Z:\home\blogyii\www\yii\framework\db\ar\CActiveRecord.php:2362
Stack trace:
#0 Z:\home\blogyii\www\yii\framework\db\ar\CActiveRecord.php(411): CActiveRecordMetaData->__construct(Object(User))
#1 Z:\home\blogyii\www\yii\framework\db\ar\CActiveRecord.php(658): CActiveRecord->getMetaData()
#2 Z:\home\blogyii\www\yii\framework\db\ar\CActiveRecord.php(1350): CActiveRecord->getTableSchema()
#3 Z:\home\blogyii\www\yii\framework\db\ar\CActiveRecord.php(1456): CActiveRecord->query(Object(CDbCriteria))
#4 Z:\home\blogyii\www\yii\demos\blog\protected\components\UserIdentity.php(18): CActiveRecord->find('LOWER(username)...', Array)
#5 Z:\home\blogyii\www\yii\demos\blog\protected\models\LoginForm.php(50): UserIdentity->authenticate()
#6 Z:\home\blogyii\www\yii\framework\validators\CInlineValidator.php(42): LoginForm->authenticate('password', Array)
#7 Z:\home\blogyii\www\yii\framework\validators\CValidator.php(213): CInlineValidator->validateAttribute(Object(LoginForm), 'password')
#8 Z:\home\blogyii\www\yii\framework\base\CModel.php(159): CValidator->validate(Object(LoginForm), NULL)
#9 Z:\home\blogyii\www\yii\framework\web\widgets\CActiveForm.php(920): CModel->validate(NULL)
#10 Z:\home\blogyii\www\yii\demos\blog\protected\controllers\SiteController.php(73): CActiveForm::validate(Object(LoginForm))
#11 Z:\home\blogyii\www\yii\framework\web\actions\CInlineAction.php(49): SiteController->actionLogin()
#12 Z:\home\blogyii\www\yii\framework\web\CController.php(308): CInlineAction->runWithParams(Array)
#13 Z:\home\blogyii\www\yii\framework\web\CController.php(286): CController->runAction(Object(CInlineAction))
#14 Z:\home\blogyii\www\yii\framework\web\CController.php(265): CController->runActionWithFilters(Object(CInlineAction), Array)
#15 Z:\home\blogyii\www\yii\framework\web\CWebApplication.php(282): CController->run('login')
#16 Z:\home\blogyii\www\yii\framework\web\CWebApplication.php(141): CWebApplication->runController('site/login')
#17 Z:\home\blogyii\www\yii\framework\base\CApplication.php(180): CWebApplication->processRequest()
#18 Z:\home\blogyii\www\yii\demos\blog\index.php(11): CApplication->run()
#19 {main}
REQUEST_URI=/yii/demos/blog/index.php/site/login
HTTP_REFERER=http://blogyii/yii/demos/blog/index.php/site/login
---
2014/11/13 15:24:34 [error] [exception.CDbException] exception 'CDbException' with message 'The table "{{user}}" for active record class "User" cannot be found in the database.' in Z:\home\blogyii\www\yii\framework\db\ar\CActiveRecord.php:2362
Stack trace:
#0 Z:\home\blogyii\www\yii\framework\db\ar\CActiveRecord.php(411): CActiveRecordMetaData->__construct(Object(User))
#1 Z:\home\blogyii\www\yii\framework\db\ar\CActiveRecord.php(658): CActiveRecord->getMetaData()
#2 Z:\home\blogyii\www\yii\framework\db\ar\CActiveRecord.php(1350): CActiveRecord->getTableSchema()
#3 Z:\home\blogyii\www\yii\framework\db\ar\CActiveRecord.php(1456): CActiveRecord->query(Object(CDbCriteria))
#4 Z:\home\blogyii\www\yii\demos\blog\protected\components\UserIdentity.php(18): CActiveRecord->find('LOWER(username)...', Array)
#5 Z:\home\blogyii\www\yii\demos\blog\protected\models\LoginForm.php(50): UserIdentity->authenticate()
#6 Z:\home\blogyii\www\yii\framework\validators\CInlineValidator.php(42): LoginForm->authenticate('password', Array)
#7 Z:\home\blogyii\www\yii\framework\validators\CValidator.php(213): CInlineValidator->validateAttribute(Object(LoginForm), 'password')
#8 Z:\home\blogyii\www\yii\framework\base\CModel.php(159): CValidator->validate(Object(LoginForm), NULL)
#9 Z:\home\blogyii\www\yii\demos\blog\protected\controllers\SiteController.php(82): CModel->validate()
#10 Z:\home\blogyii\www\yii\framework\web\actions\CInlineAction.php(49): SiteController->actionLogin()
#11 Z:\home\blogyii\www\yii\framework\web\CController.php(308): CInlineAction->runWithParams(Array)
#12 Z:\home\blogyii\www\yii\framework\web\CController.php(286): CController->runAction(Object(CInlineAction))
#13 Z:\home\blogyii\www\yii\framework\web\CController.php(265): CController->runActionWithFilters(Object(CInlineAction), Array)
#14 Z:\home\blogyii\www\yii\framework\web\CWebApplication.php(282): CController->run('login')
#15 Z:\home\blogyii\www\yii\framework\web\CWebApplication.php(141): CWebApplication->runController('site/login')
#16 Z:\home\blogyii\www\yii\framework\base\CApplication.php(180): CWebApplication->processRequest()
#17 Z:\home\blogyii\www\yii\demos\blog\index.php(11): CApplication->run()
#18 {main}
REQUEST_URI=/yii/demos/blog/index.php/site/login
HTTP_REFERER=http://blogyii/yii/demos/blog/index.php/site/login
---
